[29-Nov-2024 10:26:04 UTC] PHP Deprecated:  Function add_custom_background is <strong>deprecated</strong> since version 3.4.0! Use add_theme_support( 'custom-background', $args ) instead. in C:\Users\eellg\Local Sites\simplex\app\public\wp-includes\functions.php on line 6114
[29-Nov-2024 10:26:04 UTC] PHP Deprecated:  Function add_custom_background is <strong>deprecated</strong> since version 3.4.0! Use add_theme_support( 'custom-background', $args ) instead. in C:\Users\eellg\Local Sites\simplex\app\public\wp-includes\functions.php on line 6114
[29-Nov-2024 10:26:04 UTC] PHP Deprecated:  Function add_custom_image_header is <strong>deprecated</strong> since version 3.4.0! Use add_theme_support( 'custom-header', $args ) instead. in C:\Users\eellg\Local Sites\simplex\app\public\wp-includes\functions.php on line 6114
[29-Nov-2024 10:26:04 UTC] PHP Deprecated:  Function add_custom_image_header is <strong>deprecated</strong> since version 3.4.0! Use add_theme_support( 'custom-header', $args ) instead. in C:\Users\eellg\Local Sites\simplex\app\public\wp-includes\functions.php on line 6114
[29-Nov-2024 10:26:04 UTC] Cron reschedule event error for hook: wp_version_check, Error code: could_not_set, Error message: The cron event list could not be saved., Data: {"schedule":"twicedaily","args":[],"interval":43200}
[29-Nov-2024 10:26:05 UTC] PHP Deprecated:  Function add_custom_background is <strong>deprecated</strong> since version 3.4.0! Use add_theme_support( 'custom-background', $args ) instead. in C:\Users\eellg\Local Sites\simplex\app\public\wp-includes\functions.php on line 6114
[29-Nov-2024 10:26:05 UTC] PHP Deprecated:  Function add_custom_image_header is <strong>deprecated</strong> since version 3.4.0! Use add_theme_support( 'custom-header', $args ) instead. in C:\Users\eellg\Local Sites\simplex\app\public\wp-includes\functions.php on line 6114
[29-Nov-2024 10:26:07 UTC] PHP Deprecated:  Function add_custom_background is <strong>deprecated</strong> since version 3.4.0! Use add_theme_support( 'custom-background', $args ) instead. in C:\Users\eellg\Local Sites\simplex\app\public\wp-includes\functions.php on line 6114
[29-Nov-2024 10:26:07 UTC] PHP Deprecated:  Function add_custom_image_header is <strong>deprecated</strong> since version 3.4.0! Use add_theme_support( 'custom-header', $args ) instead. in C:\Users\eellg\Local Sites\simplex\app\public\wp-includes\functions.php on line 6114
[29-Nov-2024 10:26:07 UTC] PHP Deprecated:  Function add_custom_background is <strong>deprecated</strong> since version 3.4.0! Use add_theme_support( 'custom-background', $args ) instead. in C:\Users\eellg\Local Sites\simplex\app\public\wp-includes\functions.php on line 6114
[29-Nov-2024 10:26:07 UTC] PHP Deprecated:  Function add_custom_image_header is <strong>deprecated</strong> since version 3.4.0! Use add_theme_support( 'custom-header', $args ) instead. in C:\Users\eellg\Local Sites\simplex\app\public\wp-includes\functions.php on line 6114
[29-Nov-2024 10:29:01 UTC] PHP Deprecated:  Function add_custom_background is <strong>deprecated</strong> since version 3.4.0! Use add_theme_support( 'custom-background', $args ) instead. in C:\Users\eellg\Local Sites\simplex\app\public\wp-includes\functions.php on line 6114
[29-Nov-2024 10:29:01 UTC] PHP Deprecated:  Function add_custom_image_header is <strong>deprecated</strong> since version 3.4.0! Use add_theme_support( 'custom-header', $args ) instead. in C:\Users\eellg\Local Sites\simplex\app\public\wp-includes\functions.php on line 6114
[29-Nov-2024 10:29:04 UTC] PHP Deprecated:  Function add_custom_background is <strong>deprecated</strong> since version 3.4.0! Use add_theme_support( 'custom-background', $args ) instead. in C:\Users\eellg\Local Sites\simplex\app\public\wp-includes\functions.php on line 6114
[29-Nov-2024 10:29:04 UTC] PHP Deprecated:  Function add_custom_image_header is <strong>deprecated</strong> since version 3.4.0! Use add_theme_support( 'custom-header', $args ) instead. in C:\Users\eellg\Local Sites\simplex\app\public\wp-includes\functions.php on line 6114
[29-Nov-2024 10:29:05 UTC] PHP Deprecated:  Function add_custom_background is <strong>deprecated</strong> since version 3.4.0! Use add_theme_support( 'custom-background', $args ) instead. in C:\Users\eellg\Local Sites\simplex\app\public\wp-includes\functions.php on line 6114
[29-Nov-2024 10:29:05 UTC] PHP Deprecated:  Function add_custom_image_header is <strong>deprecated</strong> since version 3.4.0! Use add_theme_support( 'custom-header', $args ) instead. in C:\Users\eellg\Local Sites\simplex\app\public\wp-includes\functions.php on line 6114
 [29-Nov-2024 11:28:20 UTC] PHP Deprecated:  Function add_custom_background is <strong>deprecated</strong> since version 3.4.0! Use add_theme_support( 'custom-background', $args ) instead. in C:\Users\eellg\Local Sites\simplex\app\public\wp-includes\functions.php on line 6114
[29-Nov-2024 11:28:20 UTC] PHP Deprecated:  Function add_custom_image_header is <strong>deprecated</strong> since version 3.4.0! Use add_theme_support( 'custom-header', $args ) instead. in C:\Users\eellg\Local Sites\simplex\app\public\wp-includes\functions.php on line 6114
[29-Nov-2024 11:28:20 UTC] PHP Deprecated:  Function add_custom_background is <strong>deprecated</strong> since version 3.4.0! Use add_theme_support( 'custom-background', $args ) instead. in C:\Users\eellg\Local Sites\simplex\app\public\wp-includes\functions.php on line 6114
[29-Nov-2024 11:28:20 UTC] PHP Deprecated:  Function add_custom_image_header is <strong>deprecated</strong> since version 3.4.0! Use add_theme_support( 'custom-header', $args ) instead. in C:\Users\eellg\Local Sites\simplex\app\public\wp-includes\functions.php on line 6114
[29-Nov-2024 11:29:38 UTC] PHP Deprecated:  Function add_custom_background is <strong>deprecated</strong> since version 3.4.0! Use add_theme_support( 'custom-background', $args ) instead. in C:\Users\eellg\Local Sites\simplex\app\public\wp-includes\functions.php on line 6114
[29-Nov-2024 11:29:38 UTC] PHP Deprecated:  Function add_custom_image_header is <strong>deprecated</strong> since version 3.4.0! Use add_theme_support( 'custom-header', $args ) instead. in C:\Users\eellg\Local Sites\simplex\app\public\wp-includes\functions.php on line 6114
[29-Nov-2024 11:29:38 UTC] PHP Deprecated:  Function add_custom_background is <strong>deprecated</strong> since version 3.4.0! Use add_theme_support( 'custom-background', $args ) instead. in C:\Users\eellg\Local Sites\simplex\app\public\wp-includes\functions.php on line 6114
[29-Nov-2024 11:29:38 UTC] PHP Deprecated:  Function add_custom_image_header is <strong>deprecated</strong> since version 3.4.0! Use add_theme_support( 'custom-header', $args ) instead. in C:\Users\eellg\Local Sites\simplex\app\public\wp-includes\functions.php on line 6114
[29-Nov-2024 11:29:38 UTC] PHP Deprecated:  Function add_custom_background is <strong>deprecated</strong> since version 3.4.0! Use add_theme_support( 'custom-background', $args ) instead. in C:\Users\eellg\Local Sites\simplex\app\public\wp-includes\functions.php on line 6114
[29-Nov-2024 11:29:38 UTC] PHP Deprecated:  Function add_custom_image_header is <strong>deprecated</strong> since version 3.4.0! Use add_theme_support( 'custom-header', $args ) instead. in C:\Users\eellg\Local Sites\simplex\app\public\wp-includes\functions.php on line 6114
[29-Nov-2024 11:29:53 UTC] PHP Deprecated:  Function add_custom_background is <strong>deprecated</strong> since version 3.4.0! Use add_theme_support( 'custom-background', $args ) instead. in C:\Users\eellg\Local Sites\simplex\app\public\wp-includes\functions.php on line 6114
[29-Nov-2024 11:29:53 UTC] PHP Deprecated:  Function add_custom_image_header is <strong>deprecated</strong> since version 3.4.0! Use add_theme_support( 'custom-header', $args ) instead. in C:\Users\eellg\Local Sites\simplex\app\public\wp-includes\functions.php on line 6114
[29-Nov-2024 11:29:53 UTC] PHP Deprecated:  Function add_custom_background is <strong>deprecated</strong> since version 3.4.0! Use add_theme_support( 'custom-background', $args ) instead. in C:\Users\eellg\Local Sites\simplex\app\public\wp-includes\functions.php on line 6114
[29-Nov-2024 11:29:53 UTC] PHP Deprecated:  Function add_custom_image_header is <strong>deprecated</strong> since version 3.4.0! Use add_theme_support( 'custom-header', $args ) instead. in C:\Users\eellg\Local Sites\simplex\app\public\wp-includes\functions.php on line 6114
[29-Nov-2024 11:29:54 UTC] PHP Deprecated:  Function add_custom_background is <strong>deprecated</strong> since version 3.4.0! Use add_theme_support( 'custom-background', $args ) instead. in C:\Users\eellg\Local Sites\simplex\app\public\wp-includes\functions.php on line 6114
[29-Nov-2024 11:29:54 UTC] PHP Deprecated:  Function add_custom_image_header is <strong>deprecated</strong> since version 3.4.0! Use add_theme_support( 'custom-header', $args ) instead. in C:\Users\eellg\Local Sites\simplex\app\public\wp-includes\functions.php on line 6114
[29-Nov-2024 11:30:25 UTC] PHP Warning:  require(C:\Users\eellg\Local Sites\simplex\app\public/wp-content/themes/simplex/lib/inc/widgets.php): Failed to open stream: No such file or directory in C:\Users\eellg\Local Sites\simplex\app\public\wp-content\themes\simplex\functions.php on line 65
[29-Nov-2024 11:30:25 UTC] PHP Fatal error:  Uncaught Error: Failed opening required 'C:\Users\eellg\Local Sites\simplex\app\public/wp-content/themes/simplex/lib/inc/widgets.php' (include_path='.:/usr/share/php:/www/wp-content/pear') in C:\Users\eellg\Local Sites\simplex\app\public\wp-content\themes\simplex\functions.php:65
Stack trace:
#0 C:\Users\eellg\Local Sites\simplex\app\public\wp-includes\class-wp-hook.php(324): simplex_setup('')
#1 C:\Users\eellg\Local Sites\simplex\app\public\wp-includes\class-wp-hook.php(348): WP_Hook->apply_filters(NULL, Array)
#2 C:\Users\eellg\Local Sites\simplex\app\public\wp-includes\plugin.php(517): WP_Hook->do_action(Array)
#3 C:\Users\eellg\Local Sites\simplex\app\public\wp-settings.php(682): do_action('after_setup_the...')
#4 C:\Users\eellg\Local Sites\simplex\app\public\wp-config.php(103): require_once('C:\\Users\\eellg\\...')
#5 C:\Users\eellg\Local Sites\simplex\app\public\wp-load.php(50): require_once('C:\\Users\\eellg\\...')
#6 C:\Users\eellg\Local Sites\simplex\app\public\wp-blog-header.php(13): require_once('C:\\Users\\eellg\\...')
#7 C:\Users\eellg\Local Sites\simplex\app\public\index.php(17): require('C:\\Users\\eellg\\...')
#8 {main}
  thrown in C:\Users\eellg\Local Sites\simplex\app\public\wp-content\themes\simplex\functions.php on line 65
[29-Nov-2024 11:30:25 UTC] PHP Warning:  require(C:\Users\eellg\Local Sites\simplex\app\public\wp-content\themes\simplex\lib\inc\widgets.php): Failed to open stream: No such file or directory in C:\Users\eellg\Local Sites\simplex\app\public\wp-content\themes\simplex\functions.php on line 65
[29-Nov-2024 11:30:25 UTC] PHP Fatal error:  Uncaught Error: Failed opening required 'C:\Users\eellg\Local Sites\simplex\app\public/wp-content/themes/simplex/lib/inc/widgets.php' (include_path='.:/usr/share/php:/www/wp-content/pear') in C:\Users\eellg\Local Sites\simplex\app\public\wp-content\themes\simplex\functions.php:65
Stack trace:
#0 C:\Users\eellg\Local Sites\simplex\app\public\wp-includes\class-wp-hook.php(324): simplex_setup('')
#1 C:\Users\eellg\Local Sites\simplex\app\public\wp-includes\class-wp-hook.php(348): WP_Hook->apply_filters(NULL, Array)
#2 C:\Users\eellg\Local Sites\simplex\app\public\wp-includes\plugin.php(517): WP_Hook->do_action(Array)
#3 C:\Users\eellg\Local Sites\simplex\app\public\wp-settings.php(682): do_action('after_setup_the...')
#4 C:\Users\eellg\Local Sites\simplex\app\public\wp-config.php(103): require_once('C:\\Users\\eellg\\...')
#5 C:\Users\eellg\Local Sites\simplex\app\public\wp-load.php(50): require_once('C:\\Users\\eellg\\...')
#6 C:\Users\eellg\Local Sites\simplex\app\public\wp-blog-header.php(13): require_once('C:\\Users\\eellg\\...')
#7 C:\Users\eellg\Local Sites\simplex\app\public\index.php(17): require('C:\\Users\\eellg\\...')
#8 {main}
  thrown in C:\Users\eellg\Local Sites\simplex\app\public\wp-content\themes\simplex\functions.php on line 65
[29-Nov-2024 11:31:25 UTC] PHP Deprecated:  Function add_custom_background is <strong>deprecated</strong> since version 3.4.0! Use add_theme_support( 'custom-background', $args ) instead. in C:\Users\eellg\Local Sites\simplex\app\public\wp-includes\functions.php on line 6114
[29-Nov-2024 11:31:25 UTC] PHP Deprecated:  Function add_custom_image_header is <strong>deprecated</strong> since version 3.4.0! Use add_theme_support( 'custom-header', $args ) instead. in C:\Users\eellg\Local Sites\simplex\app\public\wp-includes\functions.php on line 6114
[29-Nov-2024 11:31:25 UTC] PHP Deprecated:  Function add_custom_background is <strong>deprecated</strong> since version 3.4.0! Use add_theme_support( 'custom-background', $args ) instead. in C:\Users\eellg\Local Sites\simplex\app\public\wp-includes\functions.php on line 6114
[29-Nov-2024 11:31:25 UTC] PHP Deprecated:  Function add_custom_image_header is <strong>deprecated</strong> since version 3.4.0! Use add_theme_support( 'custom-header', $args ) instead. in C:\Users\eellg\Local Sites\simplex\app\public\wp-includes\functions.php on line 6114
[29-Nov-2024 11:31:26 UTC] PHP Deprecated:  Function add_custom_background is <strong>deprecated</strong> since version 3.4.0! Use add_theme_support( 'custom-background', $args ) instead. in C:\Users\eellg\Local Sites\simplex\app\public\wp-includes\functions.php on line 6114
[29-Nov-2024 11:31:26 UTC] PHP Deprecated:  Function add_custom_image_header is <strong>deprecated</strong> since version 3.4.0! Use add_theme_support( 'custom-header', $args ) instead. in C:\Users\eellg\Local Sites\simplex\app\public\wp-includes\functions.php on line 6114
[29-Nov-2024 11:32:17 UTC] PHP Deprecated:  Function add_custom_image_header is <strong>deprecated</strong> since version 3.4.0! Use add_theme_support( 'custom-header', $args ) instead. in C:\Users\eellg\Local Sites\simplex\app\public\wp-includes\functions.php on line 6114
[29-Nov-2024 11:32:17 UTC] PHP Deprecated:  Function add_custom_image_header is <strong>deprecated</strong> since version 3.4.0! Use add_theme_support( 'custom-header', $args ) instead. in C:\Users\eellg\Local Sites\simplex\app\public\wp-includes\functions.php on line 6114
[29-Nov-2024 11:32:17 UTC] PHP Deprecated:  Function add_custom_image_header is <strong>deprecated</strong> since version 3.4.0! Use add_theme_support( 'custom-header', $args ) instead. in C:\Users\eellg\Local Sites\simplex\app\public\wp-includes\functions.php on line 6114
[29-Nov-2024 11:32:33 UTC] PHP Deprecated:  Function add_custom_image_header is <strong>deprecated</strong> since version 3.4.0! Use add_theme_support( 'custom-header', $args ) instead. in C:\Users\eellg\Local Sites\simplex\app\public\wp-includes\functions.php on line 6114
[29-Nov-2024 11:32:33 UTC] PHP Deprecated:  Function add_custom_image_header is <strong>deprecated</strong> since version 3.4.0! Use add_theme_support( 'custom-header', $args ) instead. in C:\Users\eellg\Local Sites\simplex\app\public\wp-includes\functions.php on line 6114
[29-Nov-2024 11:32:33 UTC] PHP Deprecated:  Function add_custom_image_header is <strong>deprecated</strong> since version 3.4.0! Use add_theme_support( 'custom-header', $args ) instead. in C:\Users\eellg\Local Sites\simplex\app\public\wp-includes\functions.php on line 6114
[29-Nov-2024 11:32:53 UTC] PHP Deprecated:  Function add_custom_background is <strong>deprecated</strong> since version 3.4.0! Use add_theme_support( 'custom-background', $args ) instead. in C:\Users\eellg\Local Sites\simplex\app\public\wp-includes\functions.php on line 6114
[29-Nov-2024 11:32:53 UTC] PHP Deprecated:  Function add_custom_image_header is <strong>deprecated</strong> since version 3.4.0! Use add_theme_support( 'custom-header', $args ) instead. in C:\Users\eellg\Local Sites\simplex\app\public\wp-includes\functions.php on line 6114
[29-Nov-2024 11:32:53 UTC] PHP Deprecated:  Function add_custom_background is <strong>deprecated</strong> since version 3.4.0! Use add_theme_support( 'custom-background', $args ) instead. in C:\Users\eellg\Local Sites\simplex\app\public\wp-includes\functions.php on line 6114
[29-Nov-2024 11:32:53 UTC] PHP Deprecated:  Function add_custom_image_header is <strong>deprecated</strong> since version 3.4.0! Use add_theme_support( 'custom-header', $args ) instead. in C:\Users\eellg\Local Sites\simplex\app\public\wp-includes\functions.php on line 6114
[29-Nov-2024 11:32:53 UTC] PHP Deprecated:  Function add_custom_background is <strong>deprecated</strong> since version 3.4.0! Use add_theme_support( 'custom-background', $args ) instead. in C:\Users\eellg\Local Sites\simplex\app\public\wp-includes\functions.php on line 6114
[29-Nov-2024 11:32:53 UTC] PHP Deprecated:  Function add_custom_image_header is <strong>deprecated</strong> since version 3.4.0! Use add_theme_support( 'custom-header', $args ) instead. in C:\Users\eellg\Local Sites\simplex\app\public\wp-includes\functions.php on line 6114
[29-Nov-2024 11:33:17 UTC] PHP Deprecated:  Function add_custom_image_header is <strong>deprecated</strong> since version 3.4.0! Use add_theme_support( 'custom-header', $args ) instead. in C:\Users\eellg\Local Sites\simplex\app\public\wp-includes\functions.php on line 6114
[29-Nov-2024 11:33:17 UTC] PHP Deprecated:  Function add_custom_image_header is <strong>deprecated</strong> since version 3.4.0! Use add_theme_support( 'custom-header', $args ) instead. in C:\Users\eellg\Local Sites\simplex\app\public\wp-includes\functions.php on line 6114
[29-Nov-2024 11:33:17 UTC] PHP Deprecated:  Function add_custom_image_header is <strong>deprecated</strong> since version 3.4.0! Use add_theme_support( 'custom-header', $args ) instead. in C:\Users\eellg\Local Sites\simplex\app\public\wp-includes\functions.php on line 6114
[29-Nov-2024 11:50:27 UTC] PHP Deprecated:  File Theme without comments.php is <strong>deprecated</strong> since version 3.0.0 with no alternative available. Please include a comments.php template in your theme. in C:\Users\eellg\Local Sites\simplex\app\public\wp-includes\functions.php on line 6114
[29-Nov-2024 11:50:27 UTC] PHP Deprecated:  File Theme without sidebar.php is <strong>deprecated</strong> since version 3.0.0 with no alternative available. Please include a sidebar.php template in your theme. in C:\Users\eellg\Local Sites\simplex\app\public\wp-includes\functions.php on line 6114
[29-Nov-2024 11:50:29 UTC] PHP Deprecated:  File Theme without comments.php is <strong>deprecated</strong> since version 3.0.0 with no alternative available. Please include a comments.php template in your theme. in C:\Users\eellg\Local Sites\simplex\app\public\wp-includes\functions.php on line 6114
[29-Nov-2024 11:50:29 UTC] PHP Deprecated:  File Theme without sidebar.php is <strong>deprecated</strong> since version 3.0.0 with no alternative available. Please include a sidebar.php template in your theme. in C:\Users\eellg\Local Sites\simplex\app\public\wp-includes\functions.php on line 6114
[29-Nov-2024 11:50:34 UTC] PHP Deprecated:  File Theme without comments.php is <strong>deprecated</strong> since version 3.0.0 with no alternative available. Please include a comments.php template in your theme. in C:\Users\eellg\Local Sites\simplex\app\public\wp-includes\functions.php on line 6114
[29-Nov-2024 11:50:34 UTC] PHP Deprecated:  File Theme without sidebar.php is <strong>deprecated</strong> since version 3.0.0 with no alternative available. Please include a sidebar.php template in your theme. in C:\Users\eellg\Local Sites\simplex\app\public\wp-includes\functions.php on line 6114
[29-Nov-2024 11:50:40 UTC] PHP Deprecated:  File Theme without comments.php is <strong>deprecated</strong> since version 3.0.0 with no alternative available. Please include a comments.php template in your theme. in C:\Users\eellg\Local Sites\simplex\app\public\wp-includes\functions.php on line 6114
[29-Nov-2024 11:50:40 UTC] PHP Deprecated:  File Theme without sidebar.php is <strong>deprecated</strong> since version 3.0.0 with no alternative available. Please include a sidebar.php template in your theme. in C:\Users\eellg\Local Sites\simplex\app\public\wp-includes\functions.php on line 6114
[29-Nov-2024 11:54:28 UTC] PHP Deprecated:  File Theme without sidebar.php is <strong>deprecated</strong> since version 3.0.0 with no alternative available. Please include a sidebar.php template in your theme. in C:\Users\eellg\Local Sites\simplex\app\public\wp-includes\functions.php on line 6114
[29-Nov-2024 11:54:32 UTC] PHP Deprecated:  File Theme without sidebar.php is <strong>deprecated</strong> since version 3.0.0 with no alternative available. Please include a sidebar.php template in your theme. in C:\Users\eellg\Local Sites\simplex\app\public\wp-includes\functions.php on line 6114
[29-Nov-2024 11:54:38 UTC] PHP Deprecated:  File Theme without sidebar.php is <strong>deprecated</strong> since version 3.0.0 with no alternative available. Please include a sidebar.php template in your theme. in C:\Users\eellg\Local Sites\simplex\app\public\wp-includes\functions.php on line 6114
[29-Nov-2024 11:56:12 UTC] PHP Deprecated:  File Theme without sidebar.php is <strong>deprecated</strong> since version 3.0.0 with no alternative available. Please include a sidebar.php template in your theme. in C:\Users\eellg\Local Sites\simplex\app\public\wp-includes\functions.php on line 6114
[29-Nov-2024 13:27:53 UTC] PHP Fatal error:  Uncaught Error: Call to undefined function simplex_content_nav() in C:\Users\eellg\Local Sites\simplex\app\public\wp-content\themes\simplex\index.php:23
Stack trace:
#0 C:\Users\eellg\Local Sites\simplex\app\public\wp-includes\template-loader.php(106): include()
#1 C:\Users\eellg\Local Sites\simplex\app\public\wp-blog-header.php(19): require_once('C:\\Users\\eellg\\...')
#2 C:\Users\eellg\Local Sites\simplex\app\public\index.php(17): require('C:\\Users\\eellg\\...')
#3 {main}
  thrown in C:\Users\eellg\Local Sites\simplex\app\public\wp-content\themes\simplex\index.php on line 23
[29-Nov-2024 13:28:15 UTC] PHP Fatal error:  Uncaught Error: Call to undefined function simplex_content_nav() in C:\Users\eellg\Local Sites\simplex\app\public\wp-content\themes\simplex\index.php:23
Stack trace:
#0 C:\Users\eellg\Local Sites\simplex\app\public\wp-includes\template-loader.php(106): include()
#1 C:\Users\eellg\Local Sites\simplex\app\public\wp-blog-header.php(19): require_once('C:\\Users\\eellg\\...')
#2 C:\Users\eellg\Local Sites\simplex\app\public\index.php(17): require('C:\\Users\\eellg\\...')
#3 {main}
  thrown in C:\Users\eellg\Local Sites\simplex\app\public\wp-content\themes\simplex\index.php on line 23
[29-Nov-2024 13:28:59 UTC] PHP Fatal error:  Uncaught Error: Call to undefined function simplex_content_nav() in C:\Users\eellg\Local Sites\simplex\app\public\wp-content\themes\simplex\index.php:23
Stack trace:
#0 C:\Users\eellg\Local Sites\simplex\app\public\wp-includes\template-loader.php(106): include()
#1 C:\Users\eellg\Local Sites\simplex\app\public\wp-blog-header.php(19): require_once('C:\\Users\\eellg\\...')
#2 C:\Users\eellg\Local Sites\simplex\app\public\index.php(17): require('C:\\Users\\eellg\\...')
#3 {main}
  thrown in C:\Users\eellg\Local Sites\simplex\app\public\wp-content\themes\simplex\index.php on line 23
[29-Nov-2024 13:29:01 UTC] PHP Fatal error:  Uncaught Error: Call to undefined function simplex_content_nav() in C:\Users\eellg\Local Sites\simplex\app\public\wp-content\themes\simplex\index.php:23
Stack trace:
#0 C:\Users\eellg\Local Sites\simplex\app\public\wp-includes\template-loader.php(106): include()
#1 C:\Users\eellg\Local Sites\simplex\app\public\wp-blog-header.php(19): require_once('C:\\Users\\eellg\\...')
#2 C:\Users\eellg\Local Sites\simplex\app\public\index.php(17): require('C:\\Users\\eellg\\...')
#3 {main}
  thrown in C:\Users\eellg\Local Sites\simplex\app\public\wp-content\themes\simplex\index.php on line 23
[29-Nov-2024 15:08:05 UTC] PHP Warning:  Attempt to read property "title" on null in C:\Users\eellg\Local Sites\simplex\app\public\wp-includes\class-wp-customize-widgets.php on line 923
[29-Nov-2024 15:19:58 UTC] PHP Warning:  Attempt to read property "title" on null in C:\Users\eellg\Local Sites\simplex\app\public\wp-includes\class-wp-customize-widgets.php on line 923
[29-Nov-2024 15:53:42 UTC] PHP Warning:  Attempt to read property "title" on null in C:\Users\eellg\Local Sites\simplex\app\public\wp-includes\class-wp-customize-widgets.php on line 923
